<?xml version="1.0" encoding="UTF-8"?>
<testng-results ignored="0" total="1" passed="1" failed="0" skipped="0">
  <reporter-output>
  </reporter-output>
  <suite started-at="2023-01-28T11:43:46 PST" name="Default suite" finished-at="2023-01-28T11:43:48 PST" duration-ms="2175">
    <groups>
    </groups>
    <test started-at="2023-01-28T11:43:46 PST" name="Default test" finished-at="2023-01-28T11:43:48 PST" duration-ms="2175">
      <class name="TestJunit3">
        <test-method signature="validAllBoxChecked()[pri:0, instance:TestJunit3@248e319b]" started-at="2023-01-28T11:43:46 PST" name="validAllBoxChecked" finished-at="2023-01-28T11:43:48 PST" duration-ms="2147" status="PASS">
          <reporter-output>
          </reporter-output>
        </test-method> <!-- validAllBoxChecked -->
      </class> <!-- TestJunit3 -->
    </test> <!-- Default test -->
  </suite> <!-- Default suite -->
</testng-results>
